<?xml version="1.0" encoding="UTF-8"?>
<testng-results skipped="0" failed="0" ignored="0" total="1" passed="1">
  <reporter-output>
  </reporter-output>
  <suite name="Default suite" duration-ms="29914" started-at="2021-08-26T19:02:35Z" finished-at="2021-08-26T19:03:05Z">
    <groups>
    </groups>
    <test name="Default test" duration-ms="29914" started-at="2021-08-26T19:02:35Z" finished-at="2021-08-26T19:03:05Z">
      <class name="com.qa.testcases.TestCases">
        <test-method status="PASS" signature="setup()[pri:0, instance:com.qa.testcases.TestCases@3c87521]" name="setup" is-config="true" duration-ms="29026" started-at="2021-08-27T00:32:35Z" finished-at="2021-08-27T00:33:04Z">
          <reporter-output>
          </reporter-output>
        </test-method> <!-- setup -->
        <test-method status="PASS" signature="getTitle()[pri:0, instance:com.qa.testcases.TestCases@3c87521]" name="getTitle" duration-ms="68" started-at="2021-08-27T00:33:04Z" finished-at="2021-08-27T00:33:04Z">
          <reporter-output>
          </reporter-output>
        </test-method> <!-- getTitle -->
        <test-method status="PASS" signature="tearDown()[pri:0, instance:com.qa.testcases.TestCases@3c87521]" name="tearDown" is-config="true" duration-ms="753" started-at="2021-08-27T00:33:04Z" finished-at="2021-08-27T00:33:05Z">
          <reporter-output>
          </reporter-output>
        </test-method> <!-- tearDown -->
      </class> <!-- com.qa.testcases.TestCases -->
    </test> <!-- Default test -->
  </suite> <!-- Default suite -->
</testng-results>
